<?xml version="1.0" encoding="UTF-8"?>
<testsuite xmlns:xsi="http://www.w3.org/2001/XMLSchema-instance" xsi:noNamespaceSchemaLocation="https://maven.apache.org/surefire/maven-surefire-plugin/xsd/surefire-test-report-3.0.xsd" version="3.0" name="com.alura.ConnectionTest" time="3.174" tests="3" errors="0" skipped="0" failures="0">
  <properties>
[...]
</properties>
  <testcase name="testPair" classname="com.alura.ConnectionTest" time="0.819"/>
  <testcase name="testLatest_precisaFalhar" classname="com.alura.ConnectionTest" time="1.788"/>
  <testcase name="testLatest_precisaRetonar200" classname="com.alura.ConnectionTest" time="0.388"/>
</testsuite>